<?xml version="1.0" encoding="UTF-8"?>
<testsuite xmlns:xsi="http://www.w3.org/2001/XMLSchema-instance" xsi:noNamespaceSchemaLocation="https://maven.apache.org/surefire/maven-surefire-plugin/xsd/surefire-test-report-3.0.xsd" version="3.0" name="com.skypay.AccountTest" time="0.048" tests="5" errors="0" skipped="0" failures="0">
  <properties>
[...]
</properties>
  <testcase name="testPrintStatement" classname="com.skypay.AccountTest" time="0.016"/>
  <testcase name="testWithdraw" classname="com.skypay.AccountTest" time="0.0"/>
  <testcase name="testInsufficientFunds" classname="com.skypay.AccountTest" time="0.016"/>
  <testcase name="testAcceptanceCriteria" classname="com.skypay.AccountTest" time="0.0">
    <system-out><![CDATA[Date || Amount || Balance
14/01/2012 || -500 || 2500
13/01/2012 || 2000 || 3000
10/01/2012 || 1000 || 1000
]]></system-out>
  </testcase>
  <testcase name="testDeposit" classname="com.skypay.AccountTest" time="0.0"/>
</testsuite>